2026-07-12T10:38:57+02:00: Starting datastore verify job 'atlas-backups:v-6bbe6f07-83fc'
2026-07-12T10:38:57+02:00: verify datastore atlas-backups
2026-07-12T10:38:57+02:00: found 4 groups
2026-07-12T10:38:57+02:00: using 1 read and 4 verify thread(s)
2026-07-12T10:38:57+02:00: verify group atlas-backups:vm/100 (1 snapshots)
2026-07-12T10:38:57+02:00: verify atlas-backups:vm/100/2026-07-12T08:34:48Z
2026-07-12T10:38:57+02:00:   check qemu-server.conf.blob
2026-07-12T10:38:57+02:00:   check drive-ide0.img.fidx
2026-07-12T10:39:08+02:00:   verified 1960.66/6708.00 MiB in 11.36 seconds, speed 172.53/590.27 MiB/s (0 errors)
2026-07-12T10:39:08+02:00: percentage done: 25.00% (1/4 groups)
2026-07-12T10:39:08+02:00: verify group atlas-backups:vm/110 (1 snapshots)
2026-07-12T10:39:08+02:00: verify atlas-backups:vm/110/2026-07-12T08:35:26Z
2026-07-12T10:39:08+02:00:   check qemu-server.conf.blob
2026-07-12T10:39:08+02:00:   check drive-scsi0.img.fidx
2026-07-12T10:39:11+02:00:   verified 618.56/1780.00 MiB in 3.05 seconds, speed 202.88/583.83 MiB/s (0 errors)
2026-07-12T10:39:11+02:00: percentage done: 50.00% (2/4 groups)
2026-07-12T10:39:11+02:00: verify group atlas-backups:vm/220 (1 snapshots)
2026-07-12T10:39:11+02:00: verify atlas-backups:vm/220/2026-07-12T08:34:16Z
2026-07-12T10:39:11+02:00:   check qemu-server.conf.blob
2026-07-12T10:39:11+02:00:   check drive-scsi0.img.fidx
2026-07-12T10:39:14+02:00:   verified 397.83/1436.00 MiB in 2.46 seconds, speed 161.50/582.96 MiB/s (0 errors)
2026-07-12T10:39:14+02:00: percentage done: 75.00% (3/4 groups)
2026-07-12T10:39:14+02:00: verify group atlas-backups:vm/310 (1 snapshots)
2026-07-12T10:39:14+02:00: verify atlas-backups:vm/310/2026-07-12T08:35:40Z
2026-07-12T10:39:14+02:00:   check qemu-server.conf.blob
2026-07-12T10:39:14+02:00:   check drive-scsi0.img.fidx
2026-07-12T10:39:15+02:00:   verified 176.57/800.00 MiB in 1.34 seconds, speed 132.17/598.85 MiB/s (0 errors)
2026-07-12T10:39:15+02:00: percentage done: 100.00% (4/4 groups)
2026-07-12T10:39:15+02:00: queued notification (id=afa6607f-99d8-45d0-8a8a-cae47e6de9a9)
2026-07-12T10:39:15+02:00: TASK OK
